3562302 reads; of these:
  3562302 (100.00%) were paired; of these:
    1348265 (37.85%) aligned concordantly 0 times
    1911612 (53.66%) aligned concordantly exactly 1 time
    302425 (8.49%) aligned concordantly >1 times
    ----
    1348265 pairs aligned concordantly 0 times; of these:
      910801 (67.55%) aligned discordantly 1 time
    ----
    437464 pairs aligned 0 times concordantly or discordantly; of these:
      874928 mates make up the pairs; of these:
        516197 (59.00%) aligned 0 times
        125072 (14.30%) aligned exactly 1 time
        233659 (26.71%) aligned >1 times
92.75% overall alignment rate
7373505 reads; of these:
  7373505 (100.00%) were paired; of these:
    2719653 (36.88%) aligned concordantly 0 times
    3720809 (50.46%) aligned concordantly exactly 1 time
    933043 (12.65%) aligned concordantly >1 times
    ----
    2719653 pairs aligned concordantly 0 times; of these:
      1594463 (58.63%) aligned discordantly 1 time
    ----
    1125190 pairs aligned 0 times concordantly or discordantly; of these:
      2250380 mates make up the pairs; of these:
        1251677 (55.62%) aligned 0 times
        260455 (11.57%) aligned exactly 1 time
        738248 (32.81%) aligned >1 times
91.51% overall alignment rate
4982235 reads; of these:
  4982235 (100.00%) were paired; of these:
    1942989 (39.00%) aligned concordantly 0 times
    2586301 (51.91%) aligned concordantly exactly 1 time
    452945 (9.09%) aligned concordantly >1 times
    ----
    1942989 pairs aligned concordantly 0 times; of these:
      1233822 (63.50%) aligned discordantly 1 time
    ----
    709167 pairs aligned 0 times concordantly or discordantly; of these:
      1418334 mates make up the pairs; of these:
        741103 (52.25%) aligned 0 times
        181677 (12.81%) aligned exactly 1 time
        495554 (34.94%) aligned >1 times
92.56% overall alignment rate
7603240 reads; of these:
  7603240 (100.00%) were paired; of these:
    2913536 (38.32%) aligned concordantly 0 times
    4240005 (55.77%) aligned concordantly exactly 1 time
    449699 (5.91%) aligned concordantly >1 times
    ----
    2913536 pairs aligned concordantly 0 times; of these:
      1943596 (66.71%) aligned discordantly 1 time
    ----
    969940 pairs aligned 0 times concordantly or discordantly; of these:
      1939880 mates make up the pairs; of these:
        1248893 (64.38%) aligned 0 times
        243775 (12.57%) aligned exactly 1 time
        447212 (23.05%) aligned >1 times
91.79% overall alignment rate
6737599 reads; of these:
  6737599 (100.00%) were paired; of these:
    2410303 (35.77%) aligned concordantly 0 times
    3682357 (54.65%) aligned concordantly exactly 1 time
    644939 (9.57%) aligned concordantly >1 times
    ----
    2410303 pairs aligned concordantly 0 times; of these:
      1472185 (61.08%) aligned discordantly 1 time
    ----
    938118 pairs aligned 0 times concordantly or discordantly; of these:
      1876236 mates make up the pairs; of these:
        1019419 (54.33%) aligned 0 times
        231680 (12.35%) aligned exactly 1 time
        625137 (33.32%) aligned >1 times
92.43% overall alignment rate
4080122 reads; of these:
  4080122 (100.00%) were paired; of these:
    1643662 (40.28%) aligned concordantly 0 times
    2050246 (50.25%) aligned concordantly exactly 1 time
    386214 (9.47%) aligned concordantly >1 times
    ----
    1643662 pairs aligned concordantly 0 times; of these:
      1025133 (62.37%) aligned discordantly 1 time
    ----
    618529 pairs aligned 0 times concordantly or discordantly; of these:
      1237058 mates make up the pairs; of these:
        648424 (52.42%) aligned 0 times
        152333 (12.31%) aligned exactly 1 time
        436301 (35.27%) aligned >1 times
92.05% overall alignment rate
3473792 reads; of these:
  3473792 (100.00%) were paired; of these:
    1631360 (46.96%) aligned concordantly 0 times
    1568838 (45.16%) aligned concordantly exactly 1 time
    273594 (7.88%) aligned concordantly >1 times
    ----
    1631360 pairs aligned concordantly 0 times; of these:
      1084761 (66.49%) aligned discordantly 1 time
    ----
    546599 pairs aligned 0 times concordantly or discordantly; of these:
      1093198 mates make up the pairs; of these:
        526508 (48.16%) aligned 0 times
        144779 (13.24%) aligned exactly 1 time
        421911 (38.59%) aligned >1 times
92.42% overall alignment rate
3688929 reads; of these:
  3688929 (100.00%) were paired; of these:
    1684933 (45.68%) aligned concordantly 0 times
    1709261 (46.33%) aligned concordantly exactly 1 time
    294735 (7.99%) aligned concordantly >1 times
    ----
    1684933 pairs aligned concordantly 0 times; of these:
      1118374 (66.37%) aligned discordantly 1 time
    ----
    566559 pairs aligned 0 times concordantly or discordantly; of these:
      1133118 mates make up the pairs; of these:
        563994 (49.77%) aligned 0 times
        150183 (13.25%) aligned exactly 1 time
        418941 (36.97%) aligned >1 times
92.36% overall alignment rate
5379559 reads; of these:
  5379559 (100.00%) were paired; of these:
    1821250 (33.86%) aligned concordantly 0 times
    3111188 (57.83%) aligned concordantly exactly 1 time
    447121 (8.31%) aligned concordantly >1 times
    ----
    1821250 pairs aligned concordantly 0 times; of these:
      1174268 (64.48%) aligned discordantly 1 time
    ----
    646982 pairs aligned 0 times concordantly or discordantly; of these:
      1293964 mates make up the pairs; of these:
        766168 (59.21%) aligned 0 times
        172750 (13.35%) aligned exactly 1 time
        355046 (27.44%) aligned >1 times
92.88% overall alignment rate
4962773 reads; of these:
  4962773 (100.00%) were paired; of these:
    1749984 (35.26%) aligned concordantly 0 times
    2759079 (55.60%) aligned concordantly exactly 1 time
    453710 (9.14%) aligned concordantly >1 times
    ----
    1749984 pairs aligned concordantly 0 times; of these:
      1101130 (62.92%) aligned discordantly 1 time
    ----
    648854 pairs aligned 0 times concordantly or discordantly; of these:
      1297708 mates make up the pairs; of these:
        730019 (56.25%) aligned 0 times
        165400 (12.75%) aligned exactly 1 time
        402289 (31.00%) aligned >1 times
92.65% overall alignment rate
4461172 reads; of these:
  4461172 (100.00%) were paired; of these:
    1474028 (33.04%) aligned concordantly 0 times
    2541464 (56.97%) aligned concordantly exactly 1 time
    445680 (9.99%) aligned concordantly >1 times
    ----
    1474028 pairs aligned concordantly 0 times; of these:
      886438 (60.14%) aligned discordantly 1 time
    ----
    587590 pairs aligned 0 times concordantly or discordantly; of these:
      1175180 mates make up the pairs; of these:
        659769 (56.14%) aligned 0 times
        144979 (12.34%) aligned exactly 1 time
        370432 (31.52%) aligned >1 times
92.61% overall alignment rate
6305888 reads; of these:
  6305888 (100.00%) were paired; of these:
    2786002 (44.18%) aligned concordantly 0 times
    3008062 (47.70%) aligned concordantly exactly 1 time
    511824 (8.12%) aligned concordantly >1 times
    ----
    2786002 pairs aligned concordantly 0 times; of these:
      1825951 (65.54%) aligned discordantly 1 time
    ----
    960051 pairs aligned 0 times concordantly or discordantly; of these:
      1920102 mates make up the pairs; of these:
        965448 (50.28%) aligned 0 times
        247308 (12.88%) aligned exactly 1 time
        707346 (36.84%) aligned >1 times
92.34% overall alignment rate
6160311 reads; of these:
  6160311 (100.00%) were paired; of these:
    2372773 (38.52%) aligned concordantly 0 times
    3291283 (53.43%) aligned concordantly exactly 1 time
    496255 (8.06%) aligned concordantly >1 times
    ----
    2372773 pairs aligned concordantly 0 times; of these:
      1567286 (66.05%) aligned discordantly 1 time
    ----
    805487 pairs aligned 0 times concordantly or discordantly; of these:
      1610974 mates make up the pairs; of these:
        908162 (56.37%) aligned 0 times
        214746 (13.33%) aligned exactly 1 time
        488066 (30.30%) aligned >1 times
92.63% overall alignment rate
4358858 reads; of these:
  4358858 (100.00%) were paired; of these:
    1639491 (37.61%) aligned concordantly 0 times
    2242595 (51.45%) aligned concordantly exactly 1 time
    476772 (10.94%) aligned concordantly >1 times
    ----
    1639491 pairs aligned concordantly 0 times; of these:
      1017570 (62.07%) aligned discordantly 1 time
    ----
    621921 pairs aligned 0 times concordantly or discordantly; of these:
      1243842 mates make up the pairs; of these:
        664824 (53.45%) aligned 0 times
        156287 (12.56%) aligned exactly 1 time
        422731 (33.99%) aligned >1 times
92.37% overall alignment rate
5413096 reads; of these:
  5413096 (100.00%) were paired; of these:
    1998693 (36.92%) aligned concordantly 0 times
    2921836 (53.98%) aligned concordantly exactly 1 time
    492567 (9.10%) aligned concordantly >1 times
    ----
    1998693 pairs aligned concordantly 0 times; of these:
      1229919 (61.54%) aligned discordantly 1 time
    ----
    768774 pairs aligned 0 times concordantly or discordantly; of these:
      1537548 mates make up the pairs; of these:
        878141 (57.11%) aligned 0 times
        189854 (12.35%) aligned exactly 1 time
        469553 (30.54%) aligned >1 times
91.89% overall alignment rate
5333250 reads; of these:
  5333250 (100.00%) were paired; of these:
    1962985 (36.81%) aligned concordantly 0 times
    2970355 (55.70%) aligned concordantly exactly 1 time
    399910 (7.50%) aligned concordantly >1 times
    ----
    1962985 pairs aligned concordantly 0 times; of these:
      1262257 (64.30%) aligned discordantly 1 time
    ----
    700728 pairs aligned 0 times concordantly or discordantly; of these:
      1401456 mates make up the pairs; of these:
        938595 (66.97%) aligned 0 times
        187253 (13.36%) aligned exactly 1 time
        275608 (19.67%) aligned >1 times
91.20% overall alignment rate
5405813 reads; of these:
  5405813 (100.00%) were paired; of these:
    2806755 (51.92%) aligned concordantly 0 times
    2246749 (41.56%) aligned concordantly exactly 1 time
    352309 (6.52%) aligned concordantly >1 times
    ----
    2806755 pairs aligned concordantly 0 times; of these:
      1843406 (65.68%) aligned discordantly 1 time
    ----
    963349 pairs aligned 0 times concordantly or discordantly; of these:
      1926698 mates make up the pairs; of these:
        1149457 (59.66%) aligned 0 times
        248870 (12.92%) aligned exactly 1 time
        528371 (27.42%) aligned >1 times
89.37% overall alignment rate
4534209 reads; of these:
  4534209 (100.00%) were paired; of these:
    2580462 (56.91%) aligned concordantly 0 times
    1610247 (35.51%) aligned concordantly exactly 1 time
    343500 (7.58%) aligned concordantly >1 times
    ----
    2580462 pairs aligned concordantly 0 times; of these:
      1582171 (61.31%) aligned discordantly 1 time
    ----
    998291 pairs aligned 0 times concordantly or discordantly; of these:
      1996582 mates make up the pairs; of these:
        1128592 (56.53%) aligned 0 times
        223939 (11.22%) aligned exactly 1 time
        644051 (32.26%) aligned >1 times
87.55% overall alignment rate
4033213 reads; of these:
  4033213 (100.00%) were paired; of these:
    1346910 (33.40%) aligned concordantly 0 times
    2442881 (60.57%) aligned concordantly exactly 1 time
    243422 (6.04%) aligned concordantly >1 times
    ----
    1346910 pairs aligned concordantly 0 times; of these:
      842664 (62.56%) aligned discordantly 1 time
    ----
    504246 pairs aligned 0 times concordantly or discordantly; of these:
      1008492 mates make up the pairs; of these:
        710036 (70.41%) aligned 0 times
        132849 (13.17%) aligned exactly 1 time
        165607 (16.42%) aligned >1 times
91.20% overall alignment rate
4233014 reads; of these:
  4233014 (100.00%) were paired; of these:
    1765909 (41.72%) aligned concordantly 0 times
    2295213 (54.22%) aligned concordantly exactly 1 time
    171892 (4.06%) aligned concordantly >1 times
    ----
    1765909 pairs aligned concordantly 0 times; of these:
      1227797 (69.53%) aligned discordantly 1 time
    ----
    538112 pairs aligned 0 times concordantly or discordantly; of these:
      1076224 mates make up the pairs; of these:
        714801 (66.42%) aligned 0 times
        160020 (14.87%) aligned exactly 1 time
        201403 (18.71%) aligned >1 times
91.56% overall alignment rate
3415332 reads; of these:
  3415332 (100.00%) were paired; of these:
    1357700 (39.75%) aligned concordantly 0 times
    1875543 (54.92%) aligned concordantly exactly 1 time
    182089 (5.33%) aligned concordantly >1 times
    ----
    1357700 pairs aligned concordantly 0 times; of these:
      909979 (67.02%) aligned discordantly 1 time
    ----
    447721 pairs aligned 0 times concordantly or discordantly; of these:
      895442 mates make up the pairs; of these:
        578889 (64.65%) aligned 0 times
        127232 (14.21%) aligned exactly 1 time
        189321 (21.14%) aligned >1 times
91.53% overall alignment rate
4353093 reads; of these:
  4353093 (100.00%) were paired; of these:
    1424108 (32.71%) aligned concordantly 0 times
    2674589 (61.44%) aligned concordantly exactly 1 time
    254396 (5.84%) aligned concordantly >1 times
    ----
    1424108 pairs aligned concordantly 0 times; of these:
      894886 (62.84%) aligned discordantly 1 time
    ----
    529222 pairs aligned 0 times concordantly or discordantly; of these:
      1058444 mates make up the pairs; of these:
        733211 (69.27%) aligned 0 times
        141808 (13.40%) aligned exactly 1 time
        183425 (17.33%) aligned >1 times
91.58% overall alignment rate
11031364 reads; of these:
  11031364 (100.00%) were paired; of these:
    4564434 (41.38%) aligned concordantly 0 times
    5920729 (53.67%) aligned concordantly exactly 1 time
    546201 (4.95%) aligned concordantly >1 times
    ----
    4564434 pairs aligned concordantly 0 times; of these:
      3103341 (67.99%) aligned discordantly 1 time
    ----
    1461093 pairs aligned 0 times concordantly or discordantly; of these:
      2922186 mates make up the pairs; of these:
        1869797 (63.99%) aligned 0 times
        406358 (13.91%) aligned exactly 1 time
        646031 (22.11%) aligned >1 times
91.53% overall alignment rate
7910949 reads; of these:
  7910949 (100.00%) were paired; of these:
    3257626 (41.18%) aligned concordantly 0 times
    4352262 (55.02%) aligned concordantly exactly 1 time
    301061 (3.81%) aligned concordantly >1 times
    ----
    3257626 pairs aligned concordantly 0 times; of these:
      2314754 (71.06%) aligned discordantly 1 time
    ----
    942872 pairs aligned 0 times concordantly or discordantly; of these:
      1885744 mates make up the pairs; of these:
        1291988 (68.51%) aligned 0 times
        286252 (15.18%) aligned exactly 1 time
        307504 (16.31%) aligned >1 times
91.83% overall alignment rate
3675809 reads; of these:
  3675809 (100.00%) were paired; of these:
    1856040 (50.49%) aligned concordantly 0 times
    1525007 (41.49%) aligned concordantly exactly 1 time
    294762 (8.02%) aligned concordantly >1 times
    ----
    1856040 pairs aligned concordantly 0 times; of these:
      1261057 (67.94%) aligned discordantly 1 time
    ----
    594983 pairs aligned 0 times concordantly or discordantly; of these:
      1189966 mates make up the pairs; of these:
        563116 (47.32%) aligned 0 times
        163536 (13.74%) aligned exactly 1 time
        463314 (38.94%) aligned >1 times
92.34% overall alignment rate
10320675 reads; of these:
  10320675 (100.00%) were paired; of these:
    4123048 (39.95%) aligned concordantly 0 times
    5479856 (53.10%) aligned concordantly exactly 1 time
    717771 (6.95%) aligned concordantly >1 times
    ----
    4123048 pairs aligned concordantly 0 times; of these:
      2623172 (63.62%) aligned discordantly 1 time
    ----
    1499876 pairs aligned 0 times concordantly or discordantly; of these:
      2999752 mates make up the pairs; of these:
        1851148 (61.71%) aligned 0 times
        386984 (12.90%) aligned exactly 1 time
        761620 (25.39%) aligned >1 times
91.03% overall alignment rate
11545510 reads; of these:
  11545510 (100.00%) were paired; of these:
    4637977 (40.17%) aligned concordantly 0 times
    6185281 (53.57%) aligned concordantly exactly 1 time
    722252 (6.26%) aligned concordantly >1 times
    ----
    4637977 pairs aligned concordantly 0 times; of these:
      2929589 (63.17%) aligned discordantly 1 time
    ----
    1708388 pairs aligned 0 times concordantly or discordantly; of these:
      3416776 mates make up the pairs; of these:
        2265842 (66.32%) aligned 0 times
        428327 (12.54%) aligned exactly 1 time
        722607 (21.15%) aligned >1 times
90.19% overall alignment rate
9875683 reads; of these:
  9875683 (100.00%) were paired; of these:
    4239302 (42.93%) aligned concordantly 0 times
    5065047 (51.29%) aligned concordantly exactly 1 time
    571334 (5.79%) aligned concordantly >1 times
    ----
    4239302 pairs aligned concordantly 0 times; of these:
      2816478 (66.44%) aligned discordantly 1 time
    ----
    1422824 pairs aligned 0 times concordantly or discordantly; of these:
      2845648 mates make up the pairs; of these:
        1796968 (63.15%) aligned 0 times
        403543 (14.18%) aligned exactly 1 time
        645137 (22.67%) aligned >1 times
90.90% overall alignment rate
9105642 reads; of these:
  9105642 (100.00%) were paired; of these:
    3557521 (39.07%) aligned concordantly 0 times
    5012637 (55.05%) aligned concordantly exactly 1 time
    535484 (5.88%) aligned concordantly >1 times
    ----
    3557521 pairs aligned concordantly 0 times; of these:
      2256925 (63.44%) aligned discordantly 1 time
    ----
    1300596 pairs aligned 0 times concordantly or discordantly; of these:
      2601192 mates make up the pairs; of these:
        1737610 (66.80%) aligned 0 times
        340194 (13.08%) aligned exactly 1 time
        523388 (20.12%) aligned >1 times
90.46% overall alignment rate
7989693 reads; of these:
  7989693 (100.00%) were paired; of these:
    3198500 (40.03%) aligned concordantly 0 times
    4406147 (55.15%) aligned concordantly exactly 1 time
    385046 (4.82%) aligned concordantly >1 times
    ----
    3198500 pairs aligned concordantly 0 times; of these:
      2151951 (67.28%) aligned discordantly 1 time
    ----
    1046549 pairs aligned 0 times concordantly or discordantly; of these:
      2093098 mates make up the pairs; of these:
        1380415 (65.95%) aligned 0 times
        294706 (14.08%) aligned exactly 1 time
        417977 (19.97%) aligned >1 times
91.36% overall alignment rate
4668284 reads; of these:
  4668284 (100.00%) were paired; of these:
    1481754 (31.74%) aligned concordantly 0 times
    2901814 (62.16%) aligned concordantly exactly 1 time
    284716 (6.10%) aligned concordantly >1 times
    ----
    1481754 pairs aligned concordantly 0 times; of these:
      910736 (61.46%) aligned discordantly 1 time
    ----
    571018 pairs aligned 0 times concordantly or discordantly; of these:
      1142036 mates make up the pairs; of these:
        805401 (70.52%) aligned 0 times
        149572 (13.10%) aligned exactly 1 time
        187063 (16.38%) aligned >1 times
91.37% overall alignment rate
6509584 reads; of these:
  6509584 (100.00%) were paired; of these:
    2371406 (36.43%) aligned concordantly 0 times
    3747998 (57.58%) aligned concordantly exactly 1 time
    390180 (5.99%) aligned concordantly >1 times
    ----
    2371406 pairs aligned concordantly 0 times; of these:
      1553584 (65.51%) aligned discordantly 1 time
    ----
    817822 pairs aligned 0 times concordantly or discordantly; of these:
      1635644 mates make up the pairs; of these:
        1072655 (65.58%) aligned 0 times
        229453 (14.03%) aligned exactly 1 time
        333536 (20.39%) aligned >1 times
91.76% overall alignment rate
5442275 reads; of these:
  5442275 (100.00%) were paired; of these:
    2319939 (42.63%) aligned concordantly 0 times
    2869101 (52.72%) aligned concordantly exactly 1 time
    253235 (4.65%) aligned concordantly >1 times
    ----
    2319939 pairs aligned concordantly 0 times; of these:
      1615617 (69.64%) aligned discordantly 1 time
    ----
    704322 pairs aligned 0 times concordantly or discordantly; of these:
      1408644 mates make up the pairs; of these:
        903688 (64.15%) aligned 0 times
        216583 (15.38%) aligned exactly 1 time
        288373 (20.47%) aligned >1 times
91.70% overall alignment rate
7140766 reads; of these:
  7140766 (100.00%) were paired; of these:
    2610226 (36.55%) aligned concordantly 0 times
    4147495 (58.08%) aligned concordantly exactly 1 time
    383045 (5.36%) aligned concordantly >1 times
    ----
    2610226 pairs aligned concordantly 0 times; of these:
      1708012 (65.44%) aligned discordantly 1 time
    ----
    902214 pairs aligned 0 times concordantly or discordantly; of these:
      1804428 mates make up the pairs; of these:
        1239190 (68.67%) aligned 0 times
        249113 (13.81%) aligned exactly 1 time
        316125 (17.52%) aligned >1 times
91.32% overall alignment rate
5284622 reads; of these:
  5284622 (100.00%) were paired; of these:
    2222815 (42.06%) aligned concordantly 0 times
    2656145 (50.26%) aligned concordantly exactly 1 time
    405662 (7.68%) aligned concordantly >1 times
    ----
    2222815 pairs aligned concordantly 0 times; of these:
      1567250 (70.51%) aligned discordantly 1 time
    ----
    655565 pairs aligned 0 times concordantly or discordantly; of these:
      1311130 mates make up the pairs; of these:
        699553 (53.35%) aligned 0 times
        192527 (14.68%) aligned exactly 1 time
        419050 (31.96%) aligned >1 times
93.38% overall alignment rate
4697569 reads; of these:
  4697569 (100.00%) were paired; of these:
    2000666 (42.59%) aligned concordantly 0 times
    2135240 (45.45%) aligned concordantly exactly 1 time
    561663 (11.96%) aligned concordantly >1 times
    ----
    2000666 pairs aligned concordantly 0 times; of these:
      1191842 (59.57%) aligned discordantly 1 time
    ----
    808824 pairs aligned 0 times concordantly or discordantly; of these:
      1617648 mates make up the pairs; of these:
        800905 (49.51%) aligned 0 times
        183475 (11.34%) aligned exactly 1 time
        633268 (39.15%) aligned >1 times
91.48% overall alignment rate
4725997 reads; of these:
  4725997 (100.00%) were paired; of these:
    2004325 (42.41%) aligned concordantly 0 times
    2215097 (46.87%) aligned concordantly exactly 1 time
    506575 (10.72%) aligned concordantly >1 times
    ----
    2004325 pairs aligned concordantly 0 times; of these:
      1229356 (61.34%) aligned discordantly 1 time
    ----
    774969 pairs aligned 0 times concordantly or discordantly; of these:
      1549938 mates make up the pairs; of these:
        787986 (50.84%) aligned 0 times
        193660 (12.49%) aligned exactly 1 time
        568292 (36.67%) aligned >1 times
91.66% overall alignment rate
3625607 reads; of these:
  3625607 (100.00%) were paired; of these:
    1493595 (41.20%) aligned concordantly 0 times
    1782726 (49.17%) aligned concordantly exactly 1 time
    349286 (9.63%) aligned concordantly >1 times
    ----
    1493595 pairs aligned concordantly 0 times; of these:
      982383 (65.77%) aligned discordantly 1 time
    ----
    511212 pairs aligned 0 times concordantly or discordantly; of these:
      1022424 mates make up the pairs; of these:
        532494 (52.08%) aligned 0 times
        144611 (14.14%) aligned exactly 1 time
        345319 (33.77%) aligned >1 times
92.66% overall alignment rate
3910531 reads; of these:
  3910531 (100.00%) were paired; of these:
    1566354 (40.05%) aligned concordantly 0 times
    2020330 (51.66%) aligned concordantly exactly 1 time
    323847 (8.28%) aligned concordantly >1 times
    ----
    1566354 pairs aligned concordantly 0 times; of these:
      1035455 (66.11%) aligned discordantly 1 time
    ----
    530899 pairs aligned 0 times concordantly or discordantly; of these:
      1061798 mates make up the pairs; of these:
        579658 (54.59%) aligned 0 times
        149431 (14.07%) aligned exactly 1 time
        332709 (31.33%) aligned >1 times
92.59% overall alignment rate
4573142 reads; of these:
  4573142 (100.00%) were paired; of these:
    1397911 (30.57%) aligned concordantly 0 times
    2748235 (60.10%) aligned concordantly exactly 1 time
    426996 (9.34%) aligned concordantly >1 times
    ----
    1397911 pairs aligned concordantly 0 times; of these:
      867540 (62.06%) aligned discordantly 1 time
    ----
    530371 pairs aligned 0 times concordantly or discordantly; of these:
      1060742 mates make up the pairs; of these:
        618251 (58.28%) aligned 0 times
        141247 (13.32%) aligned exactly 1 time
        301244 (28.40%) aligned >1 times
93.24% overall alignment rate
9728149 reads; of these:
  9728149 (100.00%) were paired; of these:
    4365444 (44.87%) aligned concordantly 0 times
    4538097 (46.65%) aligned concordantly exactly 1 time
    824608 (8.48%) aligned concordantly >1 times
    ----
    4365444 pairs aligned concordantly 0 times; of these:
      2741828 (62.81%) aligned discordantly 1 time
    ----
    1623616 pairs aligned 0 times concordantly or discordantly; of these:
      3247232 mates make up the pairs; of these:
        1716529 (52.86%) aligned 0 times
        405453 (12.49%) aligned exactly 1 time
        1125250 (34.65%) aligned >1 times
91.18% overall alignment rate
10415110 reads; of these:
  10415110 (100.00%) were paired; of these:
    3946859 (37.90%) aligned concordantly 0 times
    5738993 (55.10%) aligned concordantly exactly 1 time
    729258 (7.00%) aligned concordantly >1 times
    ----
    3946859 pairs aligned concordantly 0 times; of these:
      2667524 (67.59%) aligned discordantly 1 time
    ----
    1279335 pairs aligned 0 times concordantly or discordantly; of these:
      2558670 mates make up the pairs; of these:
        1443236 (56.41%) aligned 0 times
        363104 (14.19%) aligned exactly 1 time
        752330 (29.40%) aligned >1 times
93.07% overall alignment rate
10573156 reads; of these:
  10573156 (100.00%) were paired; of these:
    3811693 (36.05%) aligned concordantly 0 times
    5956307 (56.33%) aligned concordantly exactly 1 time
    805156 (7.62%) aligned concordantly >1 times
    ----
    3811693 pairs aligned concordantly 0 times; of these:
      2475187 (64.94%) aligned discordantly 1 time
    ----
    1336506 pairs aligned 0 times concordantly or discordantly; of these:
      2673012 mates make up the pairs; of these:
        1576717 (58.99%) aligned 0 times
        352418 (13.18%) aligned exactly 1 time
        743877 (27.83%) aligned >1 times
92.54% overall alignment rate
9856128 reads; of these:
  9856128 (100.00%) were paired; of these:
    3247514 (32.95%) aligned concordantly 0 times
    5743911 (58.28%) aligned concordantly exactly 1 time
    864703 (8.77%) aligned concordantly >1 times
    ----
    3247514 pairs aligned concordantly 0 times; of these:
      2060484 (63.45%) aligned discordantly 1 time
    ----
    1187030 pairs aligned 0 times concordantly or discordantly; of these:
      2374060 mates make up the pairs; of these:
        1349367 (56.84%) aligned 0 times
        321624 (13.55%) aligned exactly 1 time
        703069 (29.61%) aligned >1 times
93.15% overall alignment rate
4731764 reads; of these:
  4731764 (100.00%) were paired; of these:
    1584170 (33.48%) aligned concordantly 0 times
    2719414 (57.47%) aligned concordantly exactly 1 time
    428180 (9.05%) aligned concordantly >1 times
    ----
    1584170 pairs aligned concordantly 0 times; of these:
      950623 (60.01%) aligned discordantly 1 time
    ----
    633547 pairs aligned 0 times concordantly or discordantly; of these:
      1267094 mates make up the pairs; of these:
        756634 (59.71%) aligned 0 times
        158190 (12.48%) aligned exactly 1 time
        352270 (27.80%) aligned >1 times
92.00% overall alignment rate
5768873 reads; of these:
  5768873 (100.00%) were paired; of these:
    2527341 (43.81%) aligned concordantly 0 times
    2805201 (48.63%) aligned concordantly exactly 1 time
    436331 (7.56%) aligned concordantly >1 times
    ----
    2527341 pairs aligned concordantly 0 times; of these:
      1687529 (66.77%) aligned discordantly 1 time
    ----
    839812 pairs aligned 0 times concordantly or discordantly; of these:
      1679624 mates make up the pairs; of these:
        911107 (54.24%) aligned 0 times
        220636 (13.14%) aligned exactly 1 time
        547881 (32.62%) aligned >1 times
92.10% overall alignment rate
5389824 reads; of these:
  5389824 (100.00%) were paired; of these:
    2679211 (49.71%) aligned concordantly 0 times
    2263712 (42.00%) aligned concordantly exactly 1 time
    446901 (8.29%) aligned concordantly >1 times
    ----
    2679211 pairs aligned concordantly 0 times; of these:
      1778048 (66.36%) aligned discordantly 1 time
    ----
    901163 pairs aligned 0 times concordantly or discordantly; of these:
      1802326 mates make up the pairs; of these:
        922046 (51.16%) aligned 0 times
        218075 (12.10%) aligned exactly 1 time
        662205 (36.74%) aligned >1 times
91.45% overall alignment rate
4789320 reads; of these:
  4789320 (100.00%) were paired; of these:
    2217212 (46.29%) aligned concordantly 0 times
    2216005 (46.27%) aligned concordantly exactly 1 time
    356103 (7.44%) aligned concordantly >1 times
    ----
    2217212 pairs aligned concordantly 0 times; of these:
      1465775 (66.11%) aligned discordantly 1 time
    ----
    751437 pairs aligned 0 times concordantly or discordantly; of these:
      1502874 mates make up the pairs; of these:
        827161 (55.04%) aligned 0 times
        189509 (12.61%) aligned exactly 1 time
        486204 (32.35%) aligned >1 times
91.36% overall alignment rate
4563675 reads; of these:
  4563675 (100.00%) were paired; of these:
    1590376 (34.85%) aligned concordantly 0 times
    2624592 (57.51%) aligned concordantly exactly 1 time
    348707 (7.64%) aligned concordantly >1 times
    ----
    1590376 pairs aligned concordantly 0 times; of these:
      1011009 (63.57%) aligned discordantly 1 time
    ----
    579367 pairs aligned 0 times concordantly or discordantly; of these:
      1158734 mates make up the pairs; of these:
        699580 (60.37%) aligned 0 times
        143551 (12.39%) aligned exactly 1 time
        315603 (27.24%) aligned >1 times
92.34% overall alignment rate
4898487 reads; of these:
  4898487 (100.00%) were paired; of these:
    1577378 (32.20%) aligned concordantly 0 times
    2936117 (59.94%) aligned concordantly exactly 1 time
    384992 (7.86%) aligned concordantly >1 times
    ----
    1577378 pairs aligned concordantly 0 times; of these:
      995904 (63.14%) aligned discordantly 1 time
    ----
    581474 pairs aligned 0 times concordantly or discordantly; of these:
      1162948 mates make up the pairs; of these:
        702629 (60.42%) aligned 0 times
        145532 (12.51%) aligned exactly 1 time
        314787 (27.07%) aligned >1 times
92.83% overall alignment rate
12131779 reads; of these:
  12131779 (100.00%) were paired; of these:
    3830607 (31.57%) aligned concordantly 0 times
    7224884 (59.55%) aligned concordantly exactly 1 time
    1076288 (8.87%) aligned concordantly >1 times
    ----
    3830607 pairs aligned concordantly 0 times; of these:
      2276767 (59.44%) aligned discordantly 1 time
    ----
    1553840 pairs aligned 0 times concordantly or discordantly; of these:
      3107680 mates make up the pairs; of these:
        1905774 (61.32%) aligned 0 times
        361268 (11.63%) aligned exactly 1 time
        840638 (27.05%) aligned >1 times
92.15% overall alignment rate
7891572 reads; of these:
  7891572 (100.00%) were paired; of these:
    3140466 (39.80%) aligned concordantly 0 times
    4357090 (55.21%) aligned concordantly exactly 1 time
    394016 (4.99%) aligned concordantly >1 times
    ----
    3140466 pairs aligned concordantly 0 times; of these:
      2222521 (70.77%) aligned discordantly 1 time
    ----
    917945 pairs aligned 0 times concordantly or discordantly; of these:
      1835890 mates make up the pairs; of these:
        1129336 (61.51%) aligned 0 times
        261224 (14.23%) aligned exactly 1 time
        445330 (24.26%) aligned >1 times
92.84% overall alignment rate
9613717 reads; of these:
  9613717 (100.00%) were paired; of these:
    4121223 (42.87%) aligned concordantly 0 times
    4857906 (50.53%) aligned concordantly exactly 1 time
    634588 (6.60%) aligned concordantly >1 times
    ----
    4121223 pairs aligned concordantly 0 times; of these:
      2816373 (68.34%) aligned discordantly 1 time
    ----
    1304850 pairs aligned 0 times concordantly or discordantly; of these:
      2609700 mates make up the pairs; of these:
        1427151 (54.69%) aligned 0 times
        348188 (13.34%) aligned exactly 1 time
        834361 (31.97%) aligned >1 times
92.58% overall alignment rate
4211000 reads; of these:
  4211000 (100.00%) were paired; of these:
    1649198 (39.16%) aligned concordantly 0 times
    2294403 (54.49%) aligned concordantly exactly 1 time
    267399 (6.35%) aligned concordantly >1 times
    ----
    1649198 pairs aligned concordantly 0 times; of these:
      1124021 (68.16%) aligned discordantly 1 time
    ----
    525177 pairs aligned 0 times concordantly or discordantly; of these:
      1050354 mates make up the pairs; of these:
        615321 (58.58%) aligned 0 times
        145514 (13.85%) aligned exactly 1 time
        289519 (27.56%) aligned >1 times
92.69% overall alignment rate
